1598670751627	geckodriver	INFO	Listening on 127.0.0.1:57916
1598670754698	mozrunner::runner	INFO	Running command: "C:\\Program Files\\Mozilla Firefox\\firefox.exe" "--marionette" "-foreground" "-no-remote" "-profile" "C:\\Users\\socom\\AppData\\Local\\Temp\\rust_mozprofilesPvBM0"
JavaScript error: resource://gre/modules/XULStore.jsm, line 66: Error: Can't find profile directory.
console.error: SearchCache: "_readCacheFile: Error reading cache file:" (new Error("", "(unknown module)"))
1598670757230	Marionette	INFO	Listening on port 57924
1598670757310	Marionette	WARN	TLS certificate errors will be ignored for this session
1598670765492	Marionette	INFO	Stopped listening on port 57924

###!!! [Child][RunMessage] Error: Channel closing: too late to send/recv, messages will be lost


###!!! [Child][MessageChannel::SendAndWait] Error: Channel error: cannot send/recv

1598670832547	geckodriver	INFO	Listening on 127.0.0.1:57967
1598670835604	mozrunner::runner	INFO	Running command: "C:\\Program Files\\Mozilla Firefox\\firefox.exe" "--marionette" "-foreground" "-no-remote" "-profile" "C:\\Users\\socom\\AppData\\Local\\Temp\\rust_mozprofilev3CiCY"
JavaScript error: resource://gre/modules/XULStore.jsm, line 66: Error: Can't find profile directory.
console.error: SearchCache: "_readCacheFile: Error reading cache file:" (new Error("", "(unknown module)"))
1598670838070	Marionette	INFO	Listening on port 57975
1598670838222	Marionette	WARN	TLS certificate errors will be ignored for this session
1598670843854	Marionette	INFO	Stopped listening on port 57975

###!!! [Child][RunMessage] Error: Channel closing: too late to send/recv, messages will be lost


###!!! [Child][MessageChannel::SendAndWait] Error: Channel error: cannot send/recv

1598670867366	geckodriver	INFO	Listening on 127.0.0.1:58015
1598670870418	mozrunner::runner	INFO	Running command: "C:\\Program Files\\Mozilla Firefox\\firefox.exe" "--marionette" "-foreground" "-no-remote" "-profile" "C:\\Users\\socom\\AppData\\Local\\Temp\\rust_mozprofilejyTu8Z"
JavaScript error: resource://gre/modules/XULStore.jsm, line 66: Error: Can't find profile directory.
console.error: SearchCache: "_readCacheFile: Error reading cache file:" (new Error("", "(unknown module)"))
1598670872889	Marionette	INFO	Listening on port 58023
1598670873029	Marionette	WARN	TLS certificate errors will be ignored for this session
1598670880993	Marionette	INFO	Stopped listening on port 58023

###!!! [Child][RunMessage] Error: Channel closing: too late to send/recv, messages will be lost


###!!! [Child][MessageChannel::SendAndWait] Error: Channel error: cannot send/recv

1598670905821	geckodriver	INFO	Listening on 127.0.0.1:58065
1598670908875	mozrunner::runner	INFO	Running command: "C:\\Program Files\\Mozilla Firefox\\firefox.exe" "--marionette" "-foreground" "-no-remote" "-profile" "C:\\Users\\socom\\AppData\\Local\\Temp\\rust_mozprofileeD2iIy"
JavaScript error: resource://gre/modules/XULStore.jsm, line 66: Error: Can't find profile directory.
console.error: SearchCache: "_readCacheFile: Error reading cache file:" (new Error("", "(unknown module)"))
1598670911324	Marionette	INFO	Listening on port 58073
1598670911485	Marionette	WARN	TLS certificate errors will be ignored for this session
1598670918045	Marionette	INFO	Stopped listening on port 58073

###!!! [Child][RunMessage] Error: Channel closing: too late to send/recv, messages will be lost


###!!! [Child][MessageChannel::SendAndWait] Error: Channel error: cannot send/recv

1598670969104	geckodriver	INFO	Listening on 127.0.0.1:58110
1598670972153	mozrunner::runner	INFO	Running command: "C:\\Program Files\\Mozilla Firefox\\firefox.exe" "--marionette" "-foreground" "-no-remote" "-profile" "C:\\Users\\socom\\AppData\\Local\\Temp\\rust_mozprofilesTQpfe"
JavaScript error: resource://gre/modules/XULStore.jsm, line 66: Error: Can't find profile directory.
console.error: SearchCache: "_readCacheFile: Error reading cache file:" (new Error("", "(unknown module)"))
1598670974623	Marionette	INFO	Listening on port 58118
1598670974761	Marionette	WARN	TLS certificate errors will be ignored for this session
1598671095288	Marionette	INFO	Stopped listening on port 58118

###!!! [Child][RunMessage] Error: Channel closing: too late to send/recv, messages will be lost


###!!! [Child][MessageChannel::SendAndWait] Error: Channel error: cannot send/recv

1598671168026	geckodriver	INFO	Listening on 127.0.0.1:58170
1598671171085	mozrunner::runner	INFO	Running command: "C:\\Program Files\\Mozilla Firefox\\firefox.exe" "--marionette" "-foreground" "-no-remote" "-profile" "C:\\Users\\socom\\AppData\\Local\\Temp\\rust_mozprofileZTlVSW"
JavaScript error: resource://gre/modules/XULStore.jsm, line 66: Error: Can't find profile directory.
console.error: SearchCache: "_readCacheFile: Error reading cache file:" (new Error("", "(unknown module)"))
1598671173625	Marionette	INFO	Listening on port 58178
1598671173698	Marionette	WARN	TLS certificate errors will be ignored for this session
1598671175508	Marionette	INFO	Stopped listening on port 58178

###!!! [Child][RunMessage] Error: Channel closing: too late to send/recv, messages will be lost


###!!! [Child][MessageChannel::SendAndWait] Error: Channel error: cannot send/recv

1598671244731	geckodriver	INFO	Listening on 127.0.0.1:58219
1598671247780	mozrunner::runner	INFO	Running command: "C:\\Program Files\\Mozilla Firefox\\firefox.exe" "--marionette" "-foreground" "-no-remote" "-profile" "C:\\Users\\socom\\AppData\\Local\\Temp\\rust_mozprofilehBtDui"
JavaScript error: resource://gre/modules/XULStore.jsm, line 66: Error: Can't find profile directory.
console.error: SearchCache: "_readCacheFile: Error reading cache file:" (new Error("", "(unknown module)"))
1598671250230	Marionette	INFO	Listening on port 58227
1598671250392	Marionette	WARN	TLS certificate errors will be ignored for this session
1598671252635	Marionette	INFO	Stopped listening on port 58227

###!!! [Child][RunMessage] Error: Channel closing: too late to send/recv, messages will be lost


###!!! [Child][MessageChannel::SendAndWait] Error: Channel error: cannot send/recv

1598671348768	geckodriver	INFO	Listening on 127.0.0.1:58272
1598671351828	mozrunner::runner	INFO	Running command: "C:\\Program Files\\Mozilla Firefox\\firefox.exe" "--marionette" "-foreground" "-no-remote" "-profile" "C:\\Users\\socom\\AppData\\Local\\Temp\\rust_mozprofile9Eq1S3"
JavaScript error: resource://gre/modules/XULStore.jsm, line 66: Error: Can't find profile directory.
console.error: SearchCache: "_readCacheFile: Error reading cache file:" (new Error("", "(unknown module)"))
1598671354321	Marionette	INFO	Listening on port 58280
1598671354438	Marionette	WARN	TLS certificate errors will be ignored for this session
1598671356765	Marionette	INFO	Stopped listening on port 58280

###!!! [Child][RunMessage] Error: Channel closing: too late to send/recv, messages will be lost


###!!! [Child][MessageChannel::SendAndWait] Error: Channel error: cannot send/recv

1598673093747	geckodriver	INFO	Listening on 127.0.0.1:58521
1598673096795	mozrunner::runner	INFO	Running command: "C:\\Program Files\\Mozilla Firefox\\firefox.exe" "--marionette" "-foreground" "-no-remote" "-profile" "C:\\Users\\socom\\AppData\\Local\\Temp\\rust_mozprofileQanRIq"
JavaScript error: resource://gre/modules/XULStore.jsm, line 66: Error: Can't find profile directory.
console.error: SearchCache: "_readCacheFile: Error reading cache file:" (new Error("", "(unknown module)"))
1598673099379	Marionette	INFO	Listening on port 58529
1598673099405	Marionette	WARN	TLS certificate errors will be ignored for this session
1598673106601	Marionette	INFO	Stopped listening on port 58529

###!!! [Child][RunMessage] Error: Channel closing: too late to send/recv, messages will be lost


###!!! [Child][MessageChannel::SendAndWait] Error: Channel error: cannot send/recv

1598673161807	geckodriver	INFO	Listening on 127.0.0.1:58569
1598673164861	mozrunner::runner	INFO	Running command: "C:\\Program Files\\Mozilla Firefox\\firefox.exe" "--marionette" "-foreground" "-no-remote" "-profile" "C:\\Users\\socom\\AppData\\Local\\Temp\\rust_mozprofiledQWpFR"
JavaScript error: resource://gre/modules/XULStore.jsm, line 66: Error: Can't find profile directory.
console.error: SearchCache: "_readCacheFile: Error reading cache file:" (new Error("", "(unknown module)"))
1598673167355	Marionette	INFO	Listening on port 58577
1598673167472	Marionette	WARN	TLS certificate errors will be ignored for this session
1598673169815	Marionette	INFO	Stopped listening on port 58577

###!!! [Child][RunMessage] Error: Channel closing: too late to send/recv, messages will be lost


###!!! [Child][MessageChannel::SendAndWait] Error: Channel error: cannot send/recv

1598673189084	geckodriver	INFO	Listening on 127.0.0.1:58615
1598673192130	mozrunner::runner	INFO	Running command: "C:\\Program Files\\Mozilla Firefox\\firefox.exe" "--marionette" "-foreground" "-no-remote" "-profile" "C:\\Users\\socom\\AppData\\Local\\Temp\\rust_mozprofileq14mhN"
JavaScript error: resource://gre/modules/XULStore.jsm, line 66: Error: Can't find profile directory.
console.error: SearchCache: "_readCacheFile: Error reading cache file:" (new Error("", "(unknown module)"))
1598673194525	Marionette	INFO	Listening on port 58623
1598673194746	Marionette	WARN	TLS certificate errors will be ignored for this session
1598673197095	Marionette	INFO	Stopped listening on port 58623

###!!! [Child][RunMessage] Error: Channel closing: too late to send/recv, messages will be lost


###!!! [Child][MessageChannel::SendAndWait] Error: Channel error: cannot send/recv

1598673240108	geckodriver	INFO	Listening on 127.0.0.1:58662
1598673243163	mozrunner::runner	INFO	Running command: "C:\\Program Files\\Mozilla Firefox\\firefox.exe" "--marionette" "-foreground" "-no-remote" "-profile" "C:\\Users\\socom\\AppData\\Local\\Temp\\rust_mozprofile1RIOdX"
JavaScript error: resource://gre/modules/XULStore.jsm, line 66: Error: Can't find profile directory.
console.error: SearchCache: "_readCacheFile: Error reading cache file:" (new Error("", "(unknown module)"))
1598673245517	Marionette	INFO	Listening on port 58670
1598673245780	Marionette	WARN	TLS certificate errors will be ignored for this session
1598673331734	Marionette	INFO	Stopped listening on port 58670

###!!! [Child][RunMessage] Error: Channel closing: too late to send/recv, messages will be lost


###!!! [Child][MessageChannel::SendAndWait] Error: Channel error: cannot send/recv

Temp\\rust_mozprofileLghEqx"
JavaScript error: resource://gre/modules/XULStore.jsm, line 66: Error: Can't find profile directory.
console.error: SearchCache: "_readCacheFile: Error reading cache file:" (new Error("", "(unknown module)"))
1598673289427	Marionette	INFO	Listening on port 58721
1598673289759	Marionette	WARN	TLS certificate errors will be ignored for this session
1598673333109	Marionette	INFO	Stopped listening on port 58721

###!!! [Child][RunMessage] Error: Channel closing: too late to send/recv, messages will be lost


###!!! [Child][MessageChannel::SendAndWait] Error: Channel error: cannot send/recv

Temp\\rust_mozprofilenWSLFz"
JavaScript error: resource://gre/modules/XULStore.jsm, line 66: Error: Can't find profile directory.
console.error: SearchCache: "_readCacheFile: Error reading cache file:" (new Error("", "(unknown module)"))
1598673314327	Marionette	INFO	Listening on port 58769
1598673314529	Marionette	WARN	TLS certificate errors will be ignored for this session
1598673334091	Marionette	INFO	Stopped listening on port 58769

###!!! [Child][RunMessage] Error: Channel closing: too late to send/recv, messages will be lost


###!!! [Child][MessageChannel::SendAndWait] Error: Channel error: cannot send/recv

1598673362111	geckodriver	INFO	Listening on 127.0.0.1:58808
1598673365169	mozrunner::runner	INFO	Running command: "C:\\Program Files\\Mozilla Firefox\\firefox.exe" "--marionette" "-foreground" "-no-remote" "-profile" "C:\\Users\\socom\\AppData\\Local\\Temp\\rust_mozprofilekBxUPe"
JavaScript error: resource://gre/modules/XULStore.jsm, line 66: Error: Can't find profile directory.
console.error: SearchCache: "_readCacheFile: Error reading cache file:" (new Error("", "(unknown module)"))
1598673367623	Marionette	INFO	Listening on port 58816
1598673367778	Marionette	WARN	TLS certificate errors will be ignored for this session
1598673370933	Marionette	INFO	Stopped listening on port 58816

###!!! [Child][RunMessage] Error: Channel closing: too late to send/recv, messages will be lost


###!!! [Child][MessageChannel::SendAndWait] Error: Channel error: cannot send/recv

1598673495592	geckodriver	INFO	Listening on 127.0.0.1:58857
1598673498639	mozrunner::runner	INFO	Running command: "C:\\Program Files\\Mozilla Firefox\\firefox.exe" "--marionette" "-foreground" "-no-remote" "-profile" "C:\\Users\\socom\\AppData\\Local\\Temp\\rust_mozprofile2DpQ3i"
JavaScript error: resource://gre/modules/XULStore.jsm, line 66: Error: Can't find profile directory.
console.error: SearchCache: "_readCacheFile: Error reading cache file:" (new Error("", "(unknown module)"))
1598673501049	Marionette	INFO	Listening on port 58865
1598673501248	Marionette	WARN	TLS certificate errors will be ignored for this session
1598673505459	Marionette	INFO	Stopped listening on port 58865

###!!! [Child][RunMessage] Error: Channel closing: too late to send/recv, messages will be lost


###!!! [Child][MessageChannel::SendAndWait] Error: Channel error: cannot send/recv

1598679727803	geckodriver	INFO	Listening on 127.0.0.1:58937
1598679730860	mozrunner::runner	INFO	Running command: "C:\\Program Files\\Mozilla Firefox\\firefox.exe" "--marionette" "-foreground" "-no-remote" "-profile" "C:\\Users\\socom\\AppData\\Local\\Temp\\rust_mozprofileDLrbVx"
JavaScript error: resource://gre/modules/XULStore.jsm, line 66: Error: Can't find profile directory.
console.error: SearchCache: "_readCacheFile: Error reading cache file:" (new Error("", "(unknown module)"))
1598679733903	Marionette	INFO	Listening on port 58946
1598679733987	Marionette	WARN	TLS certificate errors will be ignored for this session
1598679740199	Marionette	INFO	Stopped listening on port 58946

###!!! [Child][RunMessage] Error: Channel closing: too late to send/recv, messages will be lost


###!!! [Child][MessageChannel::SendAndWait] Error: Channel error: cannot send/recv

1598679857653	geckodriver	INFO	Listening on 127.0.0.1:58988
1598679860751	mozrunner::runner	INFO	Running command: "C:\\Program Files\\Mozilla Firefox\\firefox.exe" "--marionette" "-foreground" "-no-remote" "-profile" "C:\\Users\\socom\\AppData\\Local\\Temp\\rust_mozprofileNvp0cW"
JavaScript error: resource://gre/modules/XULStore.jsm, line 66: Error: Can't find profile directory.
console.error: SearchCache: "_readCacheFile: Error reading cache file:" (new Error("", "(unknown module)"))
1598679864755	Marionette	INFO	Listening on port 58996
1598679864907	Marionette	WARN	TLS certificate errors will be ignored for this session
1598679868087	Marionette	INFO	Stopped listening on port 58996

###!!! [Child][RunMessage] Error: Channel closing: too late to send/recv, messages will be lost


###!!! [Child][MessageChannel::SendAndWait] Error: Channel error: cannot send/recv

1598680438420	geckodriver	INFO	Listening on 127.0.0.1:59189
1598680441509	mozrunner::runner	INFO	Running command: "C:\\Program Files\\Mozilla Firefox\\firefox.exe" "--marionette" "-foreground" "-no-remote" "-profile" "C:\\Users\\socom\\AppData\\Local\\Temp\\rust_mozprofileYqNI1w"
JavaScript error: resource://gre/modules/XULStore.jsm, line 66: Error: Can't find profile directory.
console.error: SearchCache: "_readCacheFile: Error reading cache file:" (new Error("", "(unknown module)"))
1598680445530	Marionette	INFO	Listening on port 59197
1598680445673	Marionette	WARN	TLS certificate errors will be ignored for this session
1598680468166	Marionette	INFO	Stopped listening on port 59197

###!!! [Child][RunMessage] Error: Channel closing: too late to send/recv, messages will be lost


###!!! [Child][MessageChannel::SendAndWait] Error: Channel error: cannot send/recv

1598680524695	geckodriver	INFO	Listening on 127.0.0.1:59239
1598680527774	mozrunner::runner	INFO	Running command: "C:\\Program Files\\Mozilla Firefox\\firefox.exe" "--marionette" "-foreground" "-no-remote" "-profile" "C:\\Users\\socom\\AppData\\Local\\Temp\\rust_mozprofileVubXmH"
JavaScript error: resource://gre/modules/XULStore.jsm, line 66: Error: Can't find profile directory.
console.error: SearchCache: "_readCacheFile: Error reading cache file:" (new Error("", "(unknown module)"))
1598680532340	Marionette	INFO	Listening on port 59247
1598680532538	Marionette	WARN	TLS certificate errors will be ignored for this session
1598680543174	Marionette	INFO	Stopped listening on port 59247

###!!! [Child][MessageChannel::SendAndWait] Error: Channel error: cannot send/recv

1598680562965	geckodriver	INFO	Listening on 127.0.0.1:59289
1598680566013	mozrunner::runner	INFO	Running command: "C:\\Program Files\\Mozilla Firefox\\firefox.exe" "--marionette" "-foreground" "-no-remote" "-profile" "C:\\Users\\socom\\AppData\\Local\\Temp\\rust_mozprofileeQbyET"
JavaScript error: resource://gre/modules/XULStore.jsm, line 66: Error: Can't find profile directory.
console.error: SearchCache: "_readCacheFile: Error reading cache file:" (new Error("", "(unknown module)"))
1598680570173	Marionette	INFO	Listening on port 59297
1598680570250	Marionette	WARN	TLS certificate errors will be ignored for this session
1598680573722	Marionette	INFO	Stopped listening on port 59297

###!!! [Child][RunMessage] Error: Channel closing: too late to send/recv, messages will be lost


###!!! [Child][MessageChannel::SendAndWait] Error: Channel error: cannot send/recv

1598684535609	geckodriver	INFO	Listening on 127.0.0.1:59715
1598684538725	mozrunner::runner	INFO	Running command: "C:\\Program Files\\Mozilla Firefox\\firefox.exe" "--marionette" "-foreground" "-no-remote" "-profile" "C:\\Users\\socom\\AppData\\Local\\Temp\\rust_mozprofilenZucSo"
JavaScript error: resource://gre/modules/XULStore.jsm, line 66: Error: Can't find profile directory.
console.error: SearchCache: "_readCacheFile: Error reading cache file:" (new Error("", "(unknown module)"))
1598684542737	Marionette	INFO	Listening on port 59723
1598684542867	Marionette	WARN	TLS certificate errors will be ignored for this session
1598684547244	Marionette	INFO	Stopped listening on port 59723

###!!! [Child][RunMessage] Error: Channel closing: too late to send/recv, messages will be lost


###!!! [Child][MessageChannel::SendAndWait] Error: Channel error: cannot send/recv

1598684591465	geckodriver	INFO	Listening on 127.0.0.1:59764
1598684594555	mozrunner::runner	INFO	Running command: "C:\\Program Files\\Mozilla Firefox\\firefox.exe" "--marionette" "-foreground" "-no-remote" "-profile" "C:\\Users\\socom\\AppData\\Local\\Temp\\rust_mozprofile9MEOWh"
JavaScript error: resource://gre/modules/XULStore.jsm, line 66: Error: Can't find profile directory.
console.error: SearchCache: "_readCacheFile: Error reading cache file:" (new Error("", "(unknown module)"))
1598684598484	Marionette	INFO	Listening on port 59772
1598684598689	Marionette	WARN	TLS certificate errors will be ignored for this session
1598684602645	Marionette	INFO	Stopped listening on port 59772

###!!! [Child][RunMessage] Error: Channel closing: too late to send/recv, messages will be lost


###!!! [Child][MessageChannel::SendAndWait] Error: Channel error: cannot send/recv

1598684638718	geckodriver	INFO	Listening on 127.0.0.1:59811
1598684641831	mozrunner::runner	INFO	Running command: "C:\\Program Files\\Mozilla Firefox\\firefox.exe" "--marionette" "-foreground" "-no-remote" "-profile" "C:\\Users\\socom\\AppData\\Local\\Temp\\rust_mozprofilevCjlm0"
JavaScript error: resource://gre/modules/XULStore.jsm, line 66: Error: Can't find profile directory.
console.error: SearchCache: "_readCacheFile: Error reading cache file:" (new Error("", "(unknown module)"))
1598684647226	Marionette	INFO	Listening on port 59820
1598684647580	Marionette	WARN	TLS certificate errors will be ignored for this session
1598684650876	Marionette	INFO	Stopped listening on port 59820

###!!! [Child][RunMessage] Error: Channel closing: too late to send/recv, messages will be lost


###!!! [Child][MessageChannel::SendAndWait] Error: Channel error: cannot send/recv

1598684674560	geckodriver	INFO	Listening on 127.0.0.1:59862
1598684677633	mozrunner::runner	INFO	Running command: "C:\\Program Files\\Mozilla Firefox\\firefox.exe" "--marionette" "-foreground" "-no-remote" "-profile" "C:\\Users\\socom\\AppData\\Local\\Temp\\rust_mozprofileoH5mXa"
JavaScript error: resource://gre/modules/XULStore.jsm, line 66: Error: Can't find profile directory.
console.error: SearchCache: "_readCacheFile: Error reading cache file:" (new Error("", "(unknown module)"))
1598684681886	Marionette	INFO	Listening on port 59870
1598684681896	Marionette	WARN	TLS certificate errors will be ignored for this session
1598684686144	Marionette	INFO	Stopped listening on port 59870

###!!! [Child][RunMessage] Error: Channel closing: too late to send/recv, messages will be lost


###!!! [Child][MessageChannel::SendAndWait] Error: Channel error: cannot send/recv

1598684734302	geckodriver	INFO	Listening on 127.0.0.1:59907
1598684737382	mozrunner::runner	INFO	Running command: "C:\\Program Files\\Mozilla Firefox\\firefox.exe" "--marionette" "-foreground" "-no-remote" "-profile" "C:\\Users\\socom\\AppData\\Local\\Temp\\rust_mozprofileDYQ3Ny"
JavaScript error: resource://gre/modules/XULStore.jsm, line 66: Error: Can't find profile directory.
console.error: SearchCache: "_readCacheFile: Error reading cache file:" (new Error("", "(unknown module)"))
1598684741309	Marionette	INFO	Listening on port 59915
1598684741523	Marionette	WARN	TLS certificate errors will be ignored for this session
1598684746338	Marionette	INFO	Stopped listening on port 59915

###!!! [Child][RunMessage] Error: Channel closing: too late to send/recv, messages will be lost


###!!! [Child][MessageChannel::SendAndWait] Error: Channel error: cannot send/recv

1598684762488	geckodriver	INFO	Listening on 127.0.0.1:59954
1598684765572	mozrunner::runner	INFO	Running command: "C:\\Program Files\\Mozilla Firefox\\firefox.exe" "--marionette" "-foreground" "-no-remote" "-profile" "C:\\Users\\socom\\AppData\\Local\\Temp\\rust_mozprofileLWf5JB"
JavaScript error: resource://gre/modules/XULStore.jsm, line 66: Error: Can't find profile directory.
console.error: SearchCache: "_readCacheFile: Error reading cache file:" (new Error("", "(unknown module)"))
1598684770037	Marionette	INFO	Listening on port 59962
1598684770341	Marionette	WARN	TLS certificate errors will be ignored for this session
1598684773274	Marionette	INFO	Stopped listening on port 59962

###!!! [Child][RunMessage] Error: Channel closing: too late to send/recv, messages will be lost


###!!! [Child][MessageChannel::SendAndWait] Error: Channel error: cannot send/recv

1598685608989	geckodriver	INFO	Listening on 127.0.0.1:60006
1598685612073	mozrunner::runner	INFO	Running command: "C:\\Program Files\\Mozilla Firefox\\firefox.exe" "--marionette" "-foreground" "-no-remote" "-profile" "C:\\Users\\socom\\AppData\\Local\\Temp\\rust_mozprofilebxb7Rc"
JavaScript error: resource://gre/modules/XULStore.jsm, line 66: Error: Can't find profile directory.
console.error: SearchCache: "_readCacheFile: Error reading cache file:" (new Error("", "(unknown module)"))
1598685616132	Marionette	INFO	Listening on port 60014
1598685616214	Marionette	WARN	TLS certificate errors will be ignored for this session
1598685639918	Marionette	INFO	Stopped listening on port 60014

###!!! [Child][MessageChannel::SendAndWait] Error: Channel error: cannot send/recv

1598685697063	geckodriver	INFO	Listening on 127.0.0.1:60054
1598685700156	mozrunner::runner	INFO	Running command: "C:\\Program Files\\Mozilla Firefox\\firefox.exe" "--marionette" "-foreground" "-no-remote" "-profile" "C:\\Users\\socom\\AppData\\Local\\Temp\\rust_mozprofilel9NXaE"
JavaScript error: resource://gre/modules/XULStore.jsm, line 66: Error: Can't find profile directory.
console.error: SearchCache: "_readCacheFile: Error reading cache file:" (new Error("", "(unknown module)"))
1598685704375	Marionette	INFO	Listening on port 60062
1598685704400	Marionette	WARN	TLS certificate errors will be ignored for this session
1598685707598	Marionette	INFO	Stopped listening on port 60062

###!!! [Child][RunMessage] Error: Channel closing: too late to send/recv, messages will be lost


###!!! [Child][MessageChannel::SendAndWait] Error: Channel error: cannot send/recv

1598685924092	geckodriver	INFO	Listening on 127.0.0.1:60106
1598685927185	mozrunner::runner	INFO	Running command: "C:\\Program Files\\Mozilla Firefox\\firefox.exe" "--marionette" "-foreground" "-no-remote" "-profile" "C:\\Users\\socom\\AppData\\Local\\Temp\\rust_mozprofilegarMRy"
JavaScript error: resource://gre/modules/XULStore.jsm, line 66: Error: Can't find profile directory.
console.error: SearchCache: "_readCacheFile: Error reading cache file:" (new Error("", "(unknown module)"))
1598685931204	Marionette	INFO	Listening on port 60114
1598685931336	Marionette	WARN	TLS certificate errors will be ignored for this session
1598685935012	Marionette	INFO	Stopped listening on port 60114

###!!! [Child][RunMessage] Error: Channel closing: too late to send/recv, messages will be lost


###!!! [Child][MessageChannel::SendAndWait] Error: Channel error: cannot send/recv

1598700204896	geckodriver	INFO	Listening on 127.0.0.1:60423
1598700208012	mozrunner::runner	INFO	Running command: "C:\\Program Files\\Mozilla Firefox\\firefox.exe" "--marionette" "-foreground" "-no-remote" "-profile" "C:\\Users\\socom\\AppData\\Local\\Temp\\rust_mozprofileuhcV94"
JavaScript error: resource://gre/modules/XULStore.jsm, line 66: Error: Can't find profile directory.
console.error: SearchCache: "_readCacheFile: Error reading cache file:" (new Error("", "(unknown module)"))
1598700212745	Marionette	INFO	Listening on port 60431
1598700213252	Marionette	WARN	TLS certificate errors will be ignored for this session
1598700227925	Marionette	INFO	Stopped listening on port 60431

###!!! [Child][MessageChannel::SendAndWait] Error: Channel error: cannot send/recv

1598700265579	geckodriver	INFO	Listening on 127.0.0.1:60473
1598700268661	mozrunner::runner	INFO	Running command: "C:\\Program Files\\Mozilla Firefox\\firefox.exe" "--marionette" "-foreground" "-no-remote" "-profile" "C:\\Users\\socom\\AppData\\Local\\Temp\\rust_mozprofileV5IGYp"
JavaScript error: resource://gre/modules/XULStore.jsm, line 66: Error: Can't find profile directory.
console.error: SearchCache: "_readCacheFile: Error reading cache file:" (new Error("", "(unknown module)"))
1598700272575	Marionette	INFO	Listening on port 60481
1598700272808	Marionette	WARN	TLS certificate errors will be ignored for this session
1598700276653	Marionette	INFO	Stopped listening on port 60481

###!!! [Child][RunMessage] Error: Channel closing: too late to send/recv, messages will be lost


###!!! [Child][MessageChannel::SendAndWait] Error: Channel error: cannot send/recv

1598700301792	geckodriver	INFO	Listening on 127.0.0.1:60520
1598700304879	mozrunner::runner	INFO	Running command: "C:\\Program Files\\Mozilla Firefox\\firefox.exe" "--marionette" "-foreground" "-no-remote" "-profile" "C:\\Users\\socom\\AppData\\Local\\Temp\\rust_mozprofileXDOxbS"
JavaScript error: resource://gre/modules/XULStore.jsm, line 66: Error: Can't find profile directory.
console.error: SearchCache: "_readCacheFile: Error reading cache file:" (new Error("", "(unknown module)"))
1598700309266	Marionette	INFO	Listening on port 60528
1598700309635	Marionette	WARN	TLS certificate errors will be ignored for this session
1598700312777	Marionette	INFO	Stopped listening on port 60528

###!!! [Child][RunMessage] Error: Channel closing: too late to send/recv, messages will be lost


###!!! [Child][MessageChannel::SendAndWait] Error: Channel error: cannot send/recv

1598700441400	geckodriver	INFO	Listening on 127.0.0.1:60570
1598700444482	mozrunner::runner	INFO	Running command: "C:\\Program Files\\Mozilla Firefox\\firefox.exe" "--marionette" "-foreground" "-no-remote" "-profile" "C:\\Users\\socom\\AppData\\Local\\Temp\\rust_mozprofileVTjpEs"
JavaScript error: resource://gre/modules/XULStore.jsm, line 66: Error: Can't find profile directory.
console.error: SearchCache: "_readCacheFile: Error reading cache file:" (new Error("", "(unknown module)"))
1598700448621	Marionette	INFO	Listening on port 60578
1598700448715	Marionette	WARN	TLS certificate errors will be ignored for this session
1598700452304	Marionette	INFO	Stopped listening on port 60578

###!!! [Child][RunMessage] Error: Channel closing: too late to send/recv, messages will be lost


###!!! [Child][MessageChannel::SendAndWait] Error: Channel error: cannot send/recv

1598700461379	geckodriver	INFO	Listening on 127.0.0.1:60619
1598700464469	mozrunner::runner	INFO	Running command: "C:\\Program Files\\Mozilla Firefox\\firefox.exe" "--marionette" "-foreground" "-no-remote" "-profile" "C:\\Users\\socom\\AppData\\Local\\Temp\\rust_mozprofileFy71p2"
JavaScript error: resource://gre/modules/XULStore.jsm, line 66: Error: Can't find profile directory.
console.error: SearchCache: "_readCacheFile: Error reading cache file:" (new Error("", "(unknown module)"))
1598700468103	Marionette	INFO	Listening on port 60627
1598700468120	Marionette	WARN	TLS certificate errors will be ignored for this session
1598700471161	Marionette	INFO	Stopped listening on port 60627

###!!! [Child][RunMessage] Error: Channel closing: too late to send/recv, messages will be lost


###!!! [Child][MessageChannel::SendAndWait] Error: Channel error: cannot send/recv

1598700480180	geckodriver	INFO	Listening on 127.0.0.1:60662
1598700483249	mozrunner::runner	INFO	Running command: "C:\\Program Files\\Mozilla Firefox\\firefox.exe" "--marionette" "-foreground" "-no-remote" "-profile" "C:\\Users\\socom\\AppData\\Local\\Temp\\rust_mozprofileIlcqjT"
JavaScript error: resource://gre/modules/XULStore.jsm, line 66: Error: Can't find profile directory.
console.error: SearchCache: "_readCacheFile: Error reading cache file:" (new Error("", "(unknown module)"))
1598700487177	Marionette	INFO	Listening on port 60670
1598700487391	Marionette	WARN	TLS certificate errors will be ignored for this session
1598700490719	Marionette	INFO	Stopped listening on port 60670

###!!! [Child][RunMessage] Error: Channel closing: too late to send/recv, messages will be lost


###!!! [Child][MessageChannel::SendAndWait] Error: Channel error: cannot send/recv

1598700904916	geckodriver	INFO	Listening on 127.0.0.1:60756
1598700908001	mozrunner::runner	INFO	Running command: "C:\\Program Files\\Mozilla Firefox\\firefox.exe" "--marionette" "-foreground" "-no-remote" "-profile" "C:\\Users\\socom\\AppData\\Local\\Temp\\rust_mozprofilehiOfvP"
JavaScript error: resource://gre/modules/XULStore.jsm, line 66: Error: Can't find profile directory.
console.error: SearchCache: "_readCacheFile: Error reading cache file:" (new Error("", "(unknown module)"))
1598700912386	Marionette	INFO	Listening on port 60764
1598700912747	Marionette	WARN	TLS certificate errors will be ignored for this session
1598700916125	Marionette	INFO	Stopped listening on port 60764

###!!! [Child][RunMessage] Error: Channel closing: too late to send/recv, messages will be lost


###!!! [Child][MessageChannel::SendAndWait] Error: Channel error: cannot send/recv

1598700954222	geckodriver	INFO	Listening on 127.0.0.1:60809
1598700957299	mozrunner::runner	INFO	Running command: "C:\\Program Files\\Mozilla Firefox\\firefox.exe" "--marionette" "-foreground" "-no-remote" "-profile" "C:\\Users\\socom\\AppData\\Local\\Temp\\rust_mozprofileBGBplH"
JavaScript error: resource://gre/modules/XULStore.jsm, line 66: Error: Can't find profile directory.
console.error: SearchCache: "_readCacheFile: Error reading cache file:" (new Error("", "(unknown module)"))
1598700961870	Marionette	INFO	Listening on port 60817
1598700962043	Marionette	WARN	TLS certificate errors will be ignored for this session
1598700965226	Marionette	INFO	Stopped listening on port 60817

###!!! [Child][RunMessage] Error: Channel closing: too late to send/recv, messages will be lost


###!!! [Child][MessageChannel::SendAndWait] Error: Channel error: cannot send/recv

1598701032155	geckodriver	INFO	Listening on 127.0.0.1:60860
1598701035179	mozrunner::runner	INFO	Running command: "C:\\Program Files\\Mozilla Firefox\\firefox.exe" "--marionette" "-foreground" "-no-remote" "-profile" "C:\\Users\\socom\\AppData\\Local\\Temp\\rust_mozprofilea7HCi0"
JavaScript error: resource://gre/modules/XULStore.jsm, line 66: Error: Can't find profile directory.
console.error: SearchCache: "_readCacheFile: Error reading cache file:" (new Error("", "(unknown module)"))
1598701039186	Marionette	INFO	Listening on port 60868
1598701039301	Marionette	WARN	TLS certificate errors will be ignored for this session
1598701072278	Marionette	INFO	Stopped listening on port 60868

###!!! [Child][RunMessage] Error: Channel closing: too late to send/recv, messages will be lost


###!!! [Child][MessageChannel::SendAndWait] Error: Channel error: cannot send/recv

1598701217711	geckodriver	INFO	Listening on 127.0.0.1:61226
1598701220803	mozrunner::runner	INFO	Running command: "C:\\Program Files\\Mozilla Firefox\\firefox.exe" "--marionette" "-foreground" "-no-remote" "-profile" "C:\\Users\\socom\\AppData\\Local\\Temp\\rust_mozprofileHb1sHB"
JavaScript error: resource://gre/modules/XULStore.jsm, line 66: Error: Can't find profile directory.
console.error: SearchCache: "_readCacheFile: Error reading cache file:" (new Error("", "(unknown module)"))
1598701224830	Marionette	INFO	Listening on port 61234
1598701224934	Marionette	WARN	TLS certificate errors will be ignored for this session
1598701520699	Marionette	INFO	Stopped listening on port 61234

###!!! [Child][RunMessage] Error: Channel closing: too late to send/recv, messages will be lost


###!!! [Child][MessageChannel::SendAndWait] Error: Channel error: cannot send/recv

Temp\\rust_mozprofilevcbiWH"
JavaScript error: resource://gre/modules/XULStore.jsm, line 66: Error: Can't find profile directory.
console.error: SearchCache: "_readCacheFile: Error reading cache file:" (new Error("", "(unknown module)"))
1598701322065	Marionette	INFO	Listening on port 61286
1598701322132	Marionette	WARN	TLS certificate errors will be ignored for this session
1598701373172	Marionette	INFO	Stopped listening on port 61286

###!!! [Child][RunMessage] Error: Channel closing: too late to send/recv, messages will be lost


###!!! [Child][MessageChannel::SendAndWait] Error: Channel error: cannot send/recv

